action: py38, msg: envreport
cwd: /Users/dnakabaa/Documents/project-koku/nise
cmd: /Users/dnakabaa/Documents/project-koku/nise/.tox/py38/bin/python -m pip freeze
adal==1.2.7
appdirs==1.4.4
attrs==21.2.0
azure-common==1.1.27
azure-core==1.15.0
azure-mgmt-core==1.2.2
azure-mgmt-costmanagement==0.2.0
azure-mgmt-resource==18.0.0
azure-mgmt-storage==18.0.0
azure-storage-blob==12.8.1
black==19.10b0
bleach==3.3.0
boto3==1.17.102
botocore==1.20.102
cached-property==1.5.2
cachetools==4.2.2
Cerberus==1.3.4
certifi==2021.5.30
cffi==1.14.5
cfgv==3.3.0
chardet==4.0.0
charset-normalizer==2.0.12
click==8.0.1
codecov==2.1.12
colorama==0.4.4
coverage==5.5
cryptography==3.4.7
distlib==0.3.2
docutils==0.17.1
Faker==8.8.2
filelock==3.0.12
google-api-core==1.30.0
google-auth==1.32.0
google-cloud-bigquery==2.20.0
google-cloud-core==1.7.1
google-cloud-storage==1.39.0
google-crc32c==1.1.2
google-resumable-media==1.3.1
googleapis-common-protos==1.53.0
grpcio==1.38.1
identify==2.2.10
idna==2.10
importlib-metadata==4.6.0
importlib-resources==5.2.0
isodate==0.6.0
jeepney==0.6.0
Jinja2==3.0.1
jmespath==0.10.0
keyring==23.0.1
koku-nise==2.8.1
MarkupSafe==2.0.1
msrest==0.6.21
msrestazure==0.6.4
nodeenv==1.6.0
oauthlib==3.1.1
orderedmultidict==1.0.1
packaging==20.9
pathspec==0.8.1
pep517==0.10.0
pip-shims==0.5.3
pipenv==2022.1.8
pipenv-setup==3.1.1
pipfile==0.0.2
pkginfo==1.7.0
platformdirs==2.5.1
plette==0.2.3
pluggy==0.13.1
pre-commit==2.13.0
proto-plus==1.19.0
protobuf==3.17.3
py==1.10.0
pyasn1==0.4.8
pyasn1-modules==0.2.8
pycparser==2.20
Pygments==2.9.0
PyJWT==2.1.0
pyparsing==2.4.7
python-dateutil==2.8.1
pytz==2021.1
PyYAML==5.4.1
readme-renderer==29.0
regex==2021.4.4
requests==2.25.1
requests-oauthlib==1.3.0
requests-toolbelt==0.9.1
requirementslib==1.5.16
rfc3986==1.5.0
rsa==4.7.2
s3transfer==0.4.2
six==1.16.0
text-unidecode==1.3
toml==0.10.2
tomlkit==0.7.2
tox==3.23.1
tqdm==4.61.1
twine==3.4.1
typed-ast==1.4.3
urllib3==1.26.6
virtualenv==20.4.7
virtualenv-clone==0.5.7
vistir==0.5.2
webencodings==0.5.1
zipp==3.4.1
