action: py, msg: getenv
cwd: /Users/dnakabaa/Documents/project-koku/nise
cmd: /Users/dnakabaa/Documents/project-koku/nise/.tox/py/bin/python -m pip install pipenv codecov
Collecting pipenv
  Using cached pipenv-2022.1.8-py2.py3-none-any.whl (3.6 MB)
Collecting codecov
  Using cached codecov-2.1.12-py2.py3-none-any.whl (16 kB)
Collecting certifi
  Using cached certifi-2021.10.8-py2.py3-none-any.whl (149 kB)
Requirement already satisfied: pip>=18.0 in ./.tox/py/lib/python3.8/site-packages (from pipenv) (21.1.2)
Collecting virtualenv
  Using cached virtualenv-20.13.3-py2.py3-none-any.whl (8.7 MB)
Requirement already satisfied: setuptools>=36.2.1 in ./.tox/py/lib/python3.8/site-packages (from pipenv) (57.0.0)
Collecting virtualenv-clone>=0.2.5
  Using cached virtualenv_clone-0.5.7-py3-none-any.whl (6.6 kB)
Collecting requests>=2.7.9
  Using cached requests-2.27.1-py2.py3-none-any.whl (63 kB)
Collecting coverage
  Using cached coverage-6.3.2-cp38-cp38-macosx_10_9_x86_64.whl (183 kB)
Collecting charset-normalizer~=2.0.0
  Using cached charset_normalizer-2.0.12-py3-none-any.whl (39 kB)
Collecting urllib3<1.27,>=1.21.1
  Downloading urllib3-1.26.9-py2.py3-none-any.whl (138 kB)
Collecting idna<4,>=2.5
  Using cached idna-3.3-py3-none-any.whl (61 kB)
Collecting distlib<1,>=0.3.1
  Using cached distlib-0.3.4-py2.py3-none-any.whl (461 kB)
Collecting six<2,>=1.9.0
  Using cached six-1.16.0-py2.py3-none-any.whl (11 kB)
Collecting filelock<4,>=3.2
  Using cached filelock-3.6.0-py3-none-any.whl (10.0 kB)
Collecting platformdirs<3,>=2
  Using cached platformdirs-2.5.1-py3-none-any.whl (14 kB)
Installing collected packages: urllib3, six, platformdirs, idna, filelock, distlib, charset-normalizer, certifi, virtualenv-clone, virtualenv, requests, coverage, pipenv, codecov
ERROR: pip's dependency resolver does not currently take into account all the packages that are installed. This behaviour is the source of the following dependency conflicts.
koku-nise 2.8.0 requires azure-mgmt-costmanagement<=0.2, which is not installed.
koku-nise 2.8.0 requires azure-mgmt-resource>=7.0, which is not installed.
koku-nise 2.8.0 requires azure-mgmt-storage>=7.1, which is not installed.
koku-nise 2.8.0 requires azure-storage-blob>=12.1, which is not installed.
koku-nise 2.8.0 requires boto3>=1.11, which is not installed.
koku-nise 2.8.0 requires faker>=3.0, which is not installed.
koku-nise 2.8.0 requires google-cloud-bigquery>=2.2.0, which is not installed.
koku-nise 2.8.0 requires google-cloud-storage>=1.19, which is not installed.
koku-nise 2.8.0 requires jinja2>=2.10, which is not installed.
koku-nise 2.8.0 requires pyyaml>=5.3, which is not installed.
Successfully installed certifi-2021.10.8 charset-normalizer-2.0.12 codecov-2.1.12 coverage-6.3.2 distlib-0.3.4 filelock-3.6.0 idna-3.3 pipenv-2022.1.8 platformdirs-2.5.1 requests-2.27.1 six-1.16.0 urllib3-1.26.9 virtualenv-20.13.3 virtualenv-clone-0.5.7
